C51 COMPILER V9.59.0.0   BSP_KEY                                                           10/07/2018 08:17:26 PAGE 1   


C51 COMPILER V9.59.0.0, COMPILATION OF MODULE BSP_KEY
OBJECT MODULE PLACED IN .\Objects\bsp_key.obj
COMPILER INVOKED BY: D:\keil4\C51\BIN\C51.EXE ..\bsp\bsp_key.c OPTIMIZE(8,SPEED) BROWSE INCDIR(..\user;..\lib;..\bsp;..\
                    -TimeOut) DEBUG OBJECTEXTEND PRINT(.\Listings\bsp_key.lst) TABS(2) OBJECT(.\Objects\bsp_key.obj)

line level    source

   1          #include "bsp_key.h"
   2          
   3          KEY_PARA_T Key_Para[KEY_NUM];
   4          
   5          unsigned char Key_Init(unsigned char ID)
   6          {
   7   1        if(ID == 0)
   8   1        {
   9   2          P2CON &= ~0X01;
  10   2          P2PH  |= 0X01;
  11   2        }
  12   1        else if(ID == 1)
  13   1        {
  14   2          P2CON &= ~0X02;
  15   2          P2PH  |= 0X02;
  16   2        }
  17   1        else if(ID == 2)
  18   1        {
  19   2          P2CON &= ~0X10;
  20   2          P2PH  |= 0X10;
  21   2        }
  22   1        else if(ID == 3)
  23   1        {
  24   2          P2CON &= ~0X20;
  25   2          P2PH  |= 0X20;
  26   2        }
  27   1        else if(ID == 4)
  28   1        {
  29   2          P2CON &= ~0X40;
  30   2          P2PH  |= 0X40;
  31   2        }
  32   1        else if(ID == 5)
  33   1        {
  34   2          P1CON &= ~0X10;
  35   2          P1PH  |= 0X10;
  36   2        }
  37   1        else if(ID == 6)
  38   1        {
  39   2          P1CON &= ~0X20;
  40   2          P1PH  |= 0X20;
  41   2        }
  42   1        else
  43   1        {
  44   2          return 0;
  45   2        }
  46   1        return 1;
  47   1      }
  48          
  49          unsigned char Key_App_Init(KEY_PARA_T *p)
  50          {
  51   1        unsigned char Key_Init(unsigned char ID);
  52   1        return Key_Init(p->ID);
  53   1      }
  54          
C51 COMPILER V9.59.0.0   BSP_KEY                                                           10/07/2018 08:17:26 PAGE 2   

  55          unsigned char Key1_Status(void)
  56          {
  57   1        if(KEY1_PIN == 0)
  58   1        {
  59   2          return 1;
  60   2        }
  61   1        else
  62   1        {
  63   2          return 0;
  64   2        }
  65   1      }
  66          
  67          unsigned char Key2_Status(void)
  68          {
  69   1        if(KEY2_PIN == 0)
  70   1        {
  71   2          return 1;
  72   2        }
  73   1        else
  74   1        {
  75   2          return 0;
  76   2        }
  77   1      }
  78          
  79          unsigned char Key3_Status(void)
  80          {
  81   1        if(KEY3_PIN == 0)
  82   1        {
  83   2          return 1;
  84   2        }
  85   1        else
  86   1        {
  87   2          return 0;
  88   2        }
  89   1      }
  90          
  91          unsigned char Key4_Status(void)
  92          {
  93   1        if(KEY4_PIN == 0)
  94   1        {
  95   2          return 1;
  96   2        }
  97   1        else 
  98   1        {
  99   2          return 0;
 100   2        }
 101   1      }
 102          
 103          unsigned char Key5_Status(void)
 104          {
 105   1        if(KEY5_PIN == 0)
 106   1        {
 107   2          return 1;
 108   2        }
 109   1        else
 110   1        {
 111   2          return 0;
 112   2        }
 113   1      }
 114          
 115          unsigned char Key6_Status(void)
 116          {
C51 COMPILER V9.59.0.0   BSP_KEY                                                           10/07/2018 08:17:26 PAGE 3   

 117   1        if(KEY6_PIN == 0)
 118   1        {
 119   2          return 1;
 120   2        }
 121   1        else
 122   1        {
 123   2          return 0 ;
 124   2        }
 125   1      }
 126          
 127          unsigned char Key7_Status(void)
 128          {
 129   1        if(KEY7_PIN == 0)
 130   1        {
 131   2          return 1;
 132   2        }
 133   1        else
 134   1        {
 135   2          return 0;
 136   2        }
 137   1      }
 138          
 139          
 140          


MODULE INFORMATION:   STATIC OVERLAYABLE
   CODE SIZE        =    174    ----
   CONSTANT SIZE    =   ----    ----
   XDATA SIZE       =   ----    ----
   PDATA SIZE       =   ----    ----
   DATA SIZE        =      7    ----
   IDATA SIZE       =   ----    ----
   BIT SIZE         =   ----    ----
END OF MODULE INFORMATION.


C51 COMPILATION COMPLETE.  0 WARNING(S),  0 ERROR(S)
