C51 COMPILER V9.59.0.0   SYSTEM                                                            10/07/2018 15:27:27 PAGE 1   


C51 COMPILER V9.59.0.0, COMPILATION OF MODULE SYSTEM
OBJECT MODULE PLACED IN .\Objects\system.obj
COMPILER INVOKED BY: D:\keil4\C51\BIN\C51.EXE ..\user\system.c OPTIMIZE(8,SPEED) BROWSE INCDIR(..\user;..\lib;..\bsp;..\
                    -TimeOut) DEBUG OBJECTEXTEND PRINT(.\Listings\system.lst) TABS(2) OBJECT(.\Objects\system.obj)

line level    source

   1          #include "system.h"
   2          
   3          extern KEY_PARA_T Key_Para[KEY_NUM];
   4          extern unsigned char Rev_Data_Arr[10];
   5          unsigned char Uart1SendFlag,Uart1ReceiveFlag;
   6          unsigned int temp;
   7          
   8          TIMEOUT_PARA TIMEOUT_Para[2];
   9          
  10          void System_Init(void)
  11          {
  12   1         static unsigned char key_number;
  13   1        
  14   1         TimeOutDet_Init();
  15   1        
  16   1         BackCall_Led_Init(LED_NUM,Led_Init); 
  17   1         Led_Close(LED_STATUS_CLOSE);
  18   1        
  19   1         for(key_number = 0;key_number < KEY_NUM;key_number++)
  20   1         {
  21   2           Key_Para[key_number].ID = key_number;
  22   2           Key_App_Init(&Key_Para[key_number]);
  23   2         }
  24   1         WDTCON |= 0X10;
  25   1         Uart_Init();
  26   1         Timer_Init();   
  27   1      }
  28          
  29          void System_Handle(void)
  30          {
  31   1        WDTCON |= 0X10;
  32   1        if(TimeOutDet_Check(&TIMEOUT_Para[0]))
  33   1        {
  34   2          TimeOut_Record(&TIMEOUT_Para[0],OnLine_Time);
  35   2          
  36   2        }
  37   1        if(Key1_Status())
  38   1        {
  39   2          Led_Open(LED_STATUS_OPEN);
  40   2          Protocol_Send(0x55,0x01);
  41   2        }
  42   1        else if(Key2_Status())
  43   1        {
  44   2          Led_Open(LED_STATUS_OPEN);
  45   2          Protocol_Send(0x55,0x01);
  46   2        }
  47   1        else if(Key3_Status())
  48   1        {
  49   2          Led_Open(LED_STATUS_OPEN);
  50   2          Protocol_Send(0x55,0x01);
  51   2        }
  52   1        else if(Key4_Status())
  53   1        {
  54   2          Led_Open(LED_STATUS_OPEN);
C51 COMPILER V9.59.0.0   SYSTEM                                                            10/07/2018 15:27:27 PAGE 2   

  55   2          Protocol_Send(0x55,0x01);
  56   2        }
  57   1        else if(Key5_Status())
  58   1        {
  59   2          Led_Open(LED_STATUS_OPEN);
  60   2          Protocol_Send(0x55,0x01);
  61   2        }
  62   1        else if(Key6_Status())
  63   1        {
  64   2          Led_Open(LED_STATUS_OPEN);
  65   2          Protocol_Send(0x55,0x01);
  66   2        }
  67   1        else if(Key7_Status())
  68   1        {
  69   2          Led_Open(LED_STATUS_OPEN);
  70   2          Protocol_Send(0x55,0x01);
  71   2        }
  72   1        else
  73   1        {
  74   2          //Led_Close(LED_STATUS_CLOSE);
  75   2        }
  76   1        //temp = Rev_Data();
  77   1        
  78   1        if(If_Rev_Over())
  79   1        {
  80   2          temp = (unsigned int)(Get_Data(Rev_Data_Arr[1],Rev_Data_Arr[2]));
  81   2          memset(&Rev_Data_Arr,0,sizeof(Rev_Data_Arr));
  82   2          switch (temp)
  83   2          {
  84   3            case 0x01:
  85   3                      Led_Open(LED_STATUS_OPEN);
  86   3                      break;
  87   3            case 0x02:
  88   3                      Led_Close(LED_STATUS_CLOSE);
  89   3                      break;
  90   3            case 0x04:
  91   3                      Led_Open(LED_STATUS_OPEN);
  92   3                      break;
  93   3            default:
  94   3                      break;
  95   3          }
  96   2        }
  97   1          
  98   1      }
  99          
 100          /*****************************************************
 101          *函数名称：void TWI_Int() interrupt 7
 102          *函数功能：SSI中断函数
 103          *入口参数：void
 104          *出口参数：void
 105          *****************************************************/
 106          
 107          void Uart1_Int() interrupt 7   //Uart1中断函数
 108          {
 109   1        Rev_Data_Str();
 110   1        if(SSCON0&0x02)    //发送标志位判断
 111   1        {
 112   2          SSCON0 &= 0xFD;
 113   2          Uart1SendFlag = 1;
 114   2        }
 115   1        if((SSCON0&0x01))  //接收标志位判断
 116   1        {
C51 COMPILER V9.59.0.0   SYSTEM                                                            10/07/2018 15:27:27 PAGE 3   

 117   2          SSCON0 &= 0xFE;
 118   2          Uart1ReceiveFlag = 1;
 119   2        } 
 120   1      }
 121          
 122          /**************************************************
 123          *函数名称：void timer0/1/2() interrupt 1/3/5
 124          *函数功能：定时器中断产生方波
 125          *入口参数：void
 126          *出口参数：void
 127          **************************************************/
 128          void timer0() interrupt 1
 129          {
 130   1        TL0 = (65536 - 6000)%256;
 131   1        TH0 = (65536 - 6000)/256;
 132   1        //P13 = ~P13;
 133   1        TimeOutDet_DecHandle();
 134   1        
 135   1      }
 136          
 137          void timer1() interrupt 3
 138          {
 139   1        
 140   1      }
 141          
 142          void Timer2Int(void) interrupt 5
 143          {   
 144   1        TF2 = 0;   //溢出清零
 145   1       
 146   1      }
 147          
 148          
 149          


MODULE INFORMATION:   STATIC OVERLAYABLE
   CODE SIZE        =    376    ----
   CONSTANT SIZE    =   ----    ----
   XDATA SIZE       =   ----    ----
   PDATA SIZE       =   ----    ----
   DATA SIZE        =     21    ----
   IDATA SIZE       =   ----    ----
   BIT SIZE         =   ----    ----
END OF MODULE INFORMATION.


C51 COMPILATION COMPLETE.  0 WARNING(S),  0 ERROR(S)
